#
# There is insufficient memory for the Java Runtime Environment to continue.
# Native memory allocation (mmap) failed to map 102760448 bytes for G1 virtual space
# Possible reasons:
#   The system is out of physical RAM or swap space
#   The process is running with CompressedOops enabled, and the Java Heap may be blocking the growth of the native heap
# Possible solutions:
#   Reduce memory load on the system
#   Increase physical memory or swap space
#   Check if swap backing store is full
#   Decrease Java heap size (-Xmx/-Xms)
#   Decrease number of Java threads
#   Decrease Java thread stack sizes (-Xss)
#   Set larger code cache with -XX:ReservedCodeCacheSize=
#   JVM is running with Unscaled Compressed Oops mode in which the Java heap is
#     placed in the first 4GB address space. The Java Heap base address is the
#     maximum limit for the native heap growth. Please use -XX:HeapBaseMinAddress
#     to set the Java Heap base and to place the Java Heap above 4GB virtual address.
# This output file may be truncated or incomplete.
#
#  Out of Memory Error (os_windows.cpp:3548), pid=136956, tid=143952
#
# JRE version: Java(TM) SE Runtime Environment (17.0.10+11) (build 17.0.10+11-LTS-240)
# Java VM: Java HotSpot(TM) 64-Bit Server VM (17.0.10+11-LTS-240, mixed mode, sharing, tiered, compressed oops, compressed class ptrs, g1 gc, windows-amd64)
# No core dump will be written. Minidumps are not enabled by default on client versions of Windows
#

---------------  S U M M A R Y ------------

Command Line: -javaagent:C:\Program Files\JetBrains\IntelliJ IDEA Community Edition 2021.2.3\lib\idea_rt.jar=64412:C:\Program Files\JetBrains\IntelliJ IDEA Community Edition 2021.2.3\bin -Dfile.encoding=UTF-8 com.cyan.csv_reader.CsvReaderApplication

Host: AMD Ryzen 5 5500U with Radeon Graphics         , 12 cores, 5G,  Windows 10 , 64 bit Build 19041 (10.0.19041.4842)
Time: Mon Oct 21 14:23:38 2024 SE Asia Standard Time elapsed time: 81.635691 seconds (0d 0h 1m 21s)

---------------  T H R E A D  ---------------

Current thread (0x0000024cd63ab5c0):  VMThread "VM Thread" [stack: 0x000000acb6800000,0x000000acb6900000] [id=143952]

Stack: [0x000000acb6800000,0x000000acb6900000]
Native frames: (J=compiled Java code, j=interpreted, Vv=VM code, C=native code)
V  [jvm.dll+0x677a5a]
V  [jvm.dll+0x7d8b2d]
V  [jvm.dll+0x7da48e]
V  [jvm.dll+0x7daaf3]
V  [jvm.dll+0x2455ff]
V  [jvm.dll+0x6749b9]
V  [jvm.dll+0x669382]
V  [jvm.dll+0x302e96]
V  [jvm.dll+0x30a416]
V  [jvm.dll+0x359cbe]
V  [jvm.dll+0x359eef]
V  [jvm.dll+0x2d9e88]
V  [jvm.dll+0x2d8295]
V  [jvm.dll+0x2d789c]
V  [jvm.dll+0x31b18b]
V  [jvm.dll+0x7df30b]
V  [jvm.dll+0x7e0044]
V  [jvm.dll+0x7e055d]
V  [jvm.dll+0x7e0934]
V  [jvm.dll+0x7e0a00]
V  [jvm.dll+0x78888a]
V  [jvm.dll+0x676935]
C  [ucrtbase.dll+0x21bb2]
C  [KERNEL32.DLL+0x17374]
C  [ntdll.dll+0x4cc91]

VM_Operation (0x000000acb8afcdf0): G1CollectForAllocation, mode: safepoint, requested by thread 0x0000024d1c7ca7a0


---------------  P R O C E S S  ---------------

Threads class SMR info:
_java_thread_list=0x0000024d1cfdf8c0, length=30, elements={
0x0000024cd63b3e90, 0x0000024cd63b4d10, 0x0000024cd63c1fc0, 0x0000024cd63c3b90,
0x0000024cd63c6660, 0x0000024cd63c7020, 0x0000024cd63c8d20, 0x0000024cd63c97d0,
0x0000024cd63d06f0, 0x0000024cd65b8750, 0x0000024cd680e0e0, 0x0000024cd680e5c0,
0x0000024d1c7ca290, 0x0000024d1c7c8940, 0x0000024d1c7c7f20, 0x0000024d1c7c8430,
0x0000024d1c7c9870, 0x0000024d1c7c9360, 0x0000024d1c7c9d80, 0x0000024d1c7ca7a0,
0x0000024d1c7cb1c0, 0x0000024d1c7cacb0, 0x0000024d1dd12500, 0x0000024d1dd17b10,
0x0000024d1dd18f50, 0x0000024d1dd18530, 0x0000024d1dd18a40, 0x0000024d1dd15cb0,
0x0000024d1dd19460, 0x0000024d1dd12a10
}

Java Threads: ( => current thread )
  0x0000024cd63b3e90 JavaThread "Reference Handler" daemon [_thread_blocked, id=140084, stack(0x000000acb6900000,0x000000acb6a00000)]
  0x0000024cd63b4d10 JavaThread "Finalizer" daemon [_thread_blocked, id=120420, stack(0x000000acb6a00000,0x000000acb6b00000)]
  0x0000024cd63c1fc0 JavaThread "Signal Dispatcher" daemon [_thread_blocked, id=137824, stack(0x000000acb6b00000,0x000000acb6c00000)]
  0x0000024cd63c3b90 JavaThread "Attach Listener" daemon [_thread_blocked, id=139492, stack(0x000000acb6c00000,0x000000acb6d00000)]
  0x0000024cd63c6660 JavaThread "Service Thread" daemon [_thread_blocked, id=117004, stack(0x000000acb6d00000,0x000000acb6e00000)]
  0x0000024cd63c7020 JavaThread "Monitor Deflation Thread" daemon [_thread_blocked, id=134632, stack(0x000000acb6e00000,0x000000acb6f00000)]
  0x0000024cd63c8d20 JavaThread "C2 CompilerThread0" daemon [_thread_blocked, id=129532, stack(0x000000acb6f00000,0x000000acb7000000)]
  0x0000024cd63c97d0 JavaThread "C1 CompilerThread0" daemon [_thread_blocked, id=63924, stack(0x000000acb7000000,0x000000acb7100000)]
  0x0000024cd63d06f0 JavaThread "Sweeper thread" daemon [_thread_blocked, id=56152, stack(0x000000acb7100000,0x000000acb7200000)]
  0x0000024cd65b8750 JavaThread "Common-Cleaner" daemon [_thread_blocked, id=105236, stack(0x000000acb7200000,0x000000acb7300000)]
  0x0000024cd680e0e0 JavaThread "Monitor Ctrl-Break" daemon [_thread_in_native, id=131400, stack(0x000000acb7300000,0x000000acb7400000)]
  0x0000024cd680e5c0 JavaThread "Notification Thread" daemon [_thread_blocked, id=118776, stack(0x000000acb7400000,0x000000acb7500000)]
  0x0000024d1c7ca290 JavaThread "Catalina-utility-1" [_thread_blocked, id=106724, stack(0x000000acb8300000,0x000000acb8400000)]
  0x0000024d1c7c8940 JavaThread "Catalina-utility-2" [_thread_blocked, id=90356, stack(0x000000acb8400000,0x000000acb8500000)]
  0x0000024d1c7c7f20 JavaThread "container-0" [_thread_blocked, id=108380, stack(0x000000acb8500000,0x000000acb8600000)]
  0x0000024d1c7c8430 JavaThread "File Watcher" daemon [_thread_blocked, id=45012, stack(0x000000acb8600000,0x000000acb8700000)]
  0x0000024d1c7c9870 JavaThread "Live Reload Server" daemon [_thread_in_native, id=119156, stack(0x000000acb8800000,0x000000acb8900000)]
  0x0000024d1c7c9360 JavaThread "http-nio-3000-exec-1" daemon [_thread_blocked, id=96476, stack(0x000000acb8700000,0x000000acb8800000)]
  0x0000024d1c7c9d80 JavaThread "http-nio-3000-exec-2" daemon [_thread_blocked, id=128772, stack(0x000000acb8900000,0x000000acb8a00000)]
  0x0000024d1c7ca7a0 JavaThread "http-nio-3000-exec-3" daemon [_thread_blocked, id=102892, stack(0x000000acb8a00000,0x000000acb8b00000)]
  0x0000024d1c7cb1c0 JavaThread "http-nio-3000-exec-4" daemon [_thread_blocked, id=141616, stack(0x000000acb8b00000,0x000000acb8c00000)]
  0x0000024d1c7cacb0 JavaThread "http-nio-3000-exec-5" daemon [_thread_blocked, id=134176, stack(0x000000acb8c00000,0x000000acb8d00000)]
  0x0000024d1dd12500 JavaThread "http-nio-3000-exec-6" daemon [_thread_blocked, id=123776, stack(0x000000acb8d00000,0x000000acb8e00000)]
  0x0000024d1dd17b10 JavaThread "http-nio-3000-exec-7" daemon [_thread_blocked, id=105004, stack(0x000000acb8e00000,0x000000acb8f00000)]
  0x0000024d1dd18f50 JavaThread "http-nio-3000-exec-8" daemon [_thread_blocked, id=139868, stack(0x000000acb8f00000,0x000000acb9000000)]
  0x0000024d1dd18530 JavaThread "http-nio-3000-exec-9" daemon [_thread_blocked, id=140768, stack(0x000000acb9000000,0x000000acb9100000)]
  0x0000024d1dd18a40 JavaThread "http-nio-3000-exec-10" daemon [_thread_blocked, id=141516, stack(0x000000acb9100000,0x000000acb9200000)]
  0x0000024d1dd15cb0 JavaThread "http-nio-3000-Poller" daemon [_thread_in_native, id=108320, stack(0x000000acb9200000,0x000000acb9300000)]
  0x0000024d1dd19460 JavaThread "http-nio-3000-Acceptor" daemon [_thread_in_native, id=131764, stack(0x000000acb9300000,0x000000acb9400000)]
  0x0000024d1dd12a10 JavaThread "DestroyJavaVM" [_thread_blocked, id=104028, stack(0x000000acb6200000,0x000000acb6300000)]

Other Threads:
=>0x0000024cd63ab5c0 VMThread "VM Thread" [stack: 0x000000acb6800000,0x000000acb6900000] [id=143952]
  0x0000024cb923c930 WatcherThread [stack: 0x000000acb7500000,0x000000acb7600000] [id=139876]
  0x0000024cb9227030 GCTaskThread "GC Thread#0" [stack: 0x000000acb6300000,0x000000acb6400000] [id=96872]
  0x0000024d1c552680 GCTaskThread "GC Thread#1" [stack: 0x000000acb7800000,0x000000acb7900000] [id=116324]
  0x0000024d1c552940 GCTaskThread "GC Thread#2" [stack: 0x000000acb7900000,0x000000acb7a00000] [id=142568]
  0x0000024d1c552c00 GCTaskThread "GC Thread#3" [stack: 0x000000acb7a00000,0x000000acb7b00000] [id=128624]
  0x0000024d1c578440 GCTaskThread "GC Thread#4" [stack: 0x000000acb7b00000,0x000000acb7c00000] [id=126504]
  0x0000024d1c578700 GCTaskThread "GC Thread#5" [stack: 0x000000acb7c00000,0x000000acb7d00000] [id=138548]
  0x0000024d1c5adaa0 GCTaskThread "GC Thread#6" [stack: 0x000000acb7d00000,0x000000acb7e00000] [id=141960]
  0x0000024d1c5d8db0 GCTaskThread "GC Thread#7" [stack: 0x000000acb7e00000,0x000000acb7f00000] [id=143220]
  0x0000024d1cb3ad10 GCTaskThread "GC Thread#8" [stack: 0x000000acb8000000,0x000000acb8100000] [id=136500]
  0x0000024d1cb3afd0 GCTaskThread "GC Thread#9" [stack: 0x000000acb8100000,0x000000acb8200000] [id=126156]
  0x0000024cb9234350 ConcurrentGCThread "G1 Main Marker" [stack: 0x000000acb6400000,0x000000acb6500000] [id=124844]
  0x0000024cb9235980 ConcurrentGCThread "G1 Conc#0" [stack: 0x000000acb6500000,0x000000acb6600000] [id=140312]
  0x0000024d1ceaf050 ConcurrentGCThread "G1 Conc#1" [stack: 0x000000acb7f00000,0x000000acb8000000] [id=134764]
  0x0000024d1ce5dcc0 ConcurrentGCThread "G1 Conc#2" [stack: 0x000000acb8200000,0x000000acb8300000] [id=141608]
  0x0000024cb926e700 ConcurrentGCThread "G1 Refine#0" [stack: 0x000000acb6600000,0x000000acb6700000] [id=128984]
  0x0000024cd6264280 ConcurrentGCThread "G1 Service" [stack: 0x000000acb6700000,0x000000acb6800000] [id=140808]

Threads with active compile tasks:
C2 CompilerThread0    81749 3882       4       java.lang.String::join (52 bytes)

VM state: at safepoint (normal execution)

VM Mutex/Monitor currently owned by a thread:  ([mutex/lock_event])
[0x0000024cb91d7750] Threads_lock - owner thread: 0x0000024cd63ab5c0
[0x0000024cb91d7fc0] Heap_lock - owner thread: 0x0000024d1c7ca7a0

Heap address: 0x00000000a2200000, size: 1502 MB, Compressed Oops mode: 32-bit

CDS archive(s) mapped at: [0x0000024cd7000000-0x0000024cd7bd0000-0x0000024cd7bd0000), size 12386304, SharedBaseAddress: 0x0000024cd7000000, ArchiveRelocationMode: 1.
Compressed class space mapped at: 0x0000024cd8000000-0x0000024d18000000, reserved size: 1073741824
Narrow klass base: 0x0000024cd7000000, Narrow klass shift: 0, Narrow klass range: 0x100000000

GC Precious Log:
 CPUs: 12 total, 12 available
 Memory: 6005M
 Large Page Support: Disabled
 NUMA Support: Disabled
 Compressed Oops: Enabled (32-bit)
 Heap Region Size: 1M
 Heap Min Capacity: 8M
 Heap Initial Capacity: 94M
 Heap Max Capacity: 1502M
 Pre-touch: Disabled
 Parallel Workers: 10
 Concurrent Workers: 3
 Concurrent Refinement Workers: 10
 Periodic GC: Disabled

Heap:
 garbage-first heap   total 96256K, used 37306K [0x00000000a2200000, 0x0000000100000000)
  region size 1024K, 1 young (1024K), 1 survivors (1024K)
 Metaspace       used 30301K, committed 30848K, reserved 1114112K
  class space    used 3842K, committed 4096K, reserved 1048576K

Heap Regions: E=young(eden), S=young(survivor), O=old, HS=humongous(starts), HC=humongous(continues), CS=collection set, F=free, OA=open archive, CA=closed archive, TAMS=top-at-mark-start (previous, next)
|   0|0x00000000a2200000, 0x00000000a2300000, 0x00000000a2300000|100%| O|  |TAMS 0x00000000a2300000, 0x00000000a2200000| Untracked 
|   1|0x00000000a2300000, 0x00000000a2400000, 0x00000000a2400000|100%| O|  |TAMS 0x00000000a2400000, 0x00000000a2300000| Untracked 
|   2|0x00000000a2400000, 0x00000000a2500000, 0x00000000a2500000|100%| O|  |TAMS 0x00000000a2500000, 0x00000000a2400000| Untracked 
|   3|0x00000000a2500000, 0x00000000a2600000, 0x00000000a2600000|100%| O|  |TAMS 0x00000000a2600000, 0x00000000a2500000| Untracked 
|   4|0x00000000a2600000, 0x00000000a2700000, 0x00000000a2700000|100%| O|  |TAMS 0x00000000a2700000, 0x00000000a2600000| Updating 
|   5|0x00000000a2700000, 0x00000000a27e0c00, 0x00000000a2800000| 87%| O|  |TAMS 0x00000000a2700000, 0x00000000a2700000| Untracked 
|   6|0x00000000a2800000, 0x00000000a2900000, 0x00000000a2900000|100%| O|  |TAMS 0x00000000a2900000, 0x00000000a2800000| Untracked 
|   7|0x00000000a2900000, 0x00000000a2a00000, 0x00000000a2a00000|100%| O|  |TAMS 0x00000000a2a00000, 0x00000000a2900000| Untracked 
|   8|0x00000000a2a00000, 0x00000000a2b00000, 0x00000000a2b00000|100%| O|  |TAMS 0x00000000a2b00000, 0x00000000a2a00000| Untracked 
|   9|0x00000000a2b00000, 0x00000000a2c00000, 0x00000000a2c00000|100%| O|  |TAMS 0x00000000a2c00000, 0x00000000a2b00000| Updating 
|  10|0x00000000a2c00000, 0x00000000a2d00000, 0x00000000a2d00000|100%| O|  |TAMS 0x00000000a2d00000, 0x00000000a2c00000| Untracked 
|  11|0x00000000a2d00000, 0x00000000a2e00000, 0x00000000a2e00000|100%| O|  |TAMS 0x00000000a2e00000, 0x00000000a2d00000| Untracked 
|  12|0x00000000a2e00000, 0x00000000a2f00000, 0x00000000a2f00000|100%| O|  |TAMS 0x00000000a2f00000, 0x00000000a2e00000| Updating 
|  13|0x00000000a2f00000, 0x00000000a2f00000, 0x00000000a3000000|  0%| F|  |TAMS 0x00000000a2f00000, 0x00000000a2f00000| Untracked 
|  14|0x00000000a3000000, 0x00000000a3000000, 0x00000000a3100000|  0%| F|  |TAMS 0x00000000a3000000, 0x00000000a3000000| Untracked 
|  15|0x00000000a3100000, 0x00000000a3100000, 0x00000000a3200000|  0%| F|  |TAMS 0x00000000a3100000, 0x00000000a3100000| Untracked 
|  16|0x00000000a3200000, 0x00000000a3200000, 0x00000000a3300000|  0%| F|  |TAMS 0x00000000a3200000, 0x00000000a3200000| Untracked 
|  17|0x00000000a3300000, 0x00000000a3300000, 0x00000000a3400000|  0%| F|  |TAMS 0x00000000a3300000, 0x00000000a3300000| Untracked 
|  18|0x00000000a3400000, 0x00000000a3400000, 0x00000000a3500000|  0%| F|  |TAMS 0x00000000a3400000, 0x00000000a3400000| Untracked 
|  19|0x00000000a3500000, 0x00000000a3500000, 0x00000000a3600000|  0%| F|  |TAMS 0x00000000a3500000, 0x00000000a3500000| Untracked 
|  20|0x00000000a3600000, 0x00000000a3700000, 0x00000000a3700000|100%| O|  |TAMS 0x00000000a3700000, 0x00000000a3600000| Updating 
|  21|0x00000000a3700000, 0x00000000a3800000, 0x00000000a3800000|100%| O|  |TAMS 0x00000000a3800000, 0x00000000a3700000| Updating 
|  22|0x00000000a3800000, 0x00000000a3800000, 0x00000000a3900000|  0%| F|  |TAMS 0x00000000a3800000, 0x00000000a3800000| Untracked 
|  23|0x00000000a3900000, 0x00000000a3900000, 0x00000000a3a00000|  0%| F|  |TAMS 0x00000000a3900000, 0x00000000a3900000| Untracked 
|  24|0x00000000a3a00000, 0x00000000a3a00000, 0x00000000a3b00000|  0%| F|  |TAMS 0x00000000a3a00000, 0x00000000a3a00000| Untracked 
|  25|0x00000000a3b00000, 0x00000000a3b00000, 0x00000000a3c00000|  0%| F|  |TAMS 0x00000000a3b00000, 0x00000000a3b00000| Untracked 
|  26|0x00000000a3c00000, 0x00000000a3d00000, 0x00000000a3d00000|100%| O|  |TAMS 0x00000000a3d00000, 0x00000000a3c00000| Updating 
|  27|0x00000000a3d00000, 0x00000000a3e00000, 0x00000000a3e00000|100%| O|  |TAMS 0x00000000a3d00000, 0x00000000a3d00000| Untracked 
|  28|0x00000000a3e00000, 0x00000000a3f00000, 0x00000000a3f00000|100%| O|  |TAMS 0x00000000a3e00000, 0x00000000a3e00000| Untracked 
|  29|0x00000000a3f00000, 0x00000000a4000000, 0x00000000a4000000|100%| O|  |TAMS 0x00000000a3f00000, 0x00000000a3f00000| Untracked 
|  30|0x00000000a4000000, 0x00000000a4100000, 0x00000000a4100000|100%| O|  |TAMS 0x00000000a4000000, 0x00000000a4000000| Untracked 
|  31|0x00000000a4100000, 0x00000000a4200000, 0x00000000a4200000|100%| O|  |TAMS 0x00000000a41b3e00, 0x00000000a4100000| Updating 
|  32|0x00000000a4200000, 0x00000000a4300000, 0x00000000a4300000|100%| O|  |TAMS 0x00000000a4200000, 0x00000000a4200000| Untracked 
|  33|0x00000000a4300000, 0x00000000a4400000, 0x00000000a4400000|100%| O|  |TAMS 0x00000000a4300000, 0x00000000a4300000| Untracked 
|  34|0x00000000a4400000, 0x00000000a4500000, 0x00000000a4500000|100%| O|  |TAMS 0x00000000a4400000, 0x00000000a4400000| Untracked 
|  35|0x00000000a4500000, 0x00000000a4600000, 0x00000000a4600000|100%| O|  |TAMS 0x00000000a4500000, 0x00000000a4500000| Untracked 
|  36|0x00000000a4600000, 0x00000000a4700000, 0x00000000a4700000|100%| O|  |TAMS 0x00000000a4600000, 0x00000000a4600000| Untracked 
|  37|0x00000000a4700000, 0x00000000a4800000, 0x00000000a4800000|100%| O|  |TAMS 0x00000000a4700000, 0x00000000a4700000| Untracked 
|  38|0x00000000a4800000, 0x00000000a4900000, 0x00000000a4900000|100%| O|  |TAMS 0x00000000a4800000, 0x00000000a4800000| Untracked 
|  39|0x00000000a4900000, 0x00000000a4a00000, 0x00000000a4a00000|100%| O|  |TAMS 0x00000000a4900000, 0x00000000a4900000| Untracked 
|  40|0x00000000a4a00000, 0x00000000a4b00000, 0x00000000a4b00000|100%| O|  |TAMS 0x00000000a4a00000, 0x00000000a4a00000| Untracked 
|  41|0x00000000a4b00000, 0x00000000a4c00000, 0x00000000a4c00000|100%| O|  |TAMS 0x00000000a4b00000, 0x00000000a4b00000| Untracked 
|  42|0x00000000a4c00000, 0x00000000a4d00000, 0x00000000a4d00000|100%| O|  |TAMS 0x00000000a4c00000, 0x00000000a4c00000| Untracked 
|  43|0x00000000a4d00000, 0x00000000a4e00000, 0x00000000a4e00000|100%| O|  |TAMS 0x00000000a4d00000, 0x00000000a4d00000| Untracked 
|  44|0x00000000a4e00000, 0x00000000a4f00000, 0x00000000a4f00000|100%| O|  |TAMS 0x00000000a4e00000, 0x00000000a4e00000| Untracked 
|  45|0x00000000a4f00000, 0x00000000a5000000, 0x00000000a5000000|100%| O|  |TAMS 0x00000000a4f00000, 0x00000000a4f00000| Untracked 
|  46|0x00000000a5000000, 0x00000000a5100000, 0x00000000a5100000|100%| O|  |TAMS 0x00000000a5000000, 0x00000000a5000000| Updating 
|  47|0x00000000a5100000, 0x00000000a5100000, 0x00000000a5200000|  0%| F|  |TAMS 0x00000000a5100000, 0x00000000a5100000| Untracked 
|  48|0x00000000a5200000, 0x00000000a5200000, 0x00000000a5300000|  0%| F|  |TAMS 0x00000000a5200000, 0x00000000a5200000| Untracked 
|  49|0x00000000a5300000, 0x00000000a5300000, 0x00000000a5400000|  0%| F|  |TAMS 0x00000000a5300000, 0x00000000a5300000| Untracked 
|  50|0x00000000a5400000, 0x00000000a5400000, 0x00000000a5500000|  0%| F|  |TAMS 0x00000000a5400000, 0x00000000a5400000| Untracked 
|  51|0x00000000a5500000, 0x00000000a5500000, 0x00000000a5600000|  0%| F|  |TAMS 0x00000000a5500000, 0x00000000a5500000| Untracked 
|  52|0x00000000a5600000, 0x00000000a5600000, 0x00000000a5700000|  0%| F|  |TAMS 0x00000000a5600000, 0x00000000a5600000| Untracked 
|  53|0x00000000a5700000, 0x00000000a5700000, 0x00000000a5800000|  0%| F|  |TAMS 0x00000000a5700000, 0x00000000a5700000| Untracked 
|  54|0x00000000a5800000, 0x00000000a5800000, 0x00000000a5900000|  0%| F|  |TAMS 0x00000000a5800000, 0x00000000a5800000| Untracked 
|  55|0x00000000a5900000, 0x00000000a5900000, 0x00000000a5a00000|  0%| F|  |TAMS 0x00000000a5900000, 0x00000000a5900000| Untracked 
|  56|0x00000000a5a00000, 0x00000000a5a00000, 0x00000000a5b00000|  0%| F|  |TAMS 0x00000000a5a00000, 0x00000000a5a00000| Untracked 
|  57|0x00000000a5b00000, 0x00000000a5b00000, 0x00000000a5c00000|  0%| F|  |TAMS 0x00000000a5b00000, 0x00000000a5b00000| Untracked 
|  58|0x00000000a5c00000, 0x00000000a5c00000, 0x00000000a5d00000|  0%| F|  |TAMS 0x00000000a5c00000, 0x00000000a5c00000| Untracked 
|  59|0x00000000a5d00000, 0x00000000a5d00000, 0x00000000a5e00000|  0%| F|  |TAMS 0x00000000a5d00000, 0x00000000a5d00000| Untracked 
|  60|0x00000000a5e00000, 0x00000000a5e00000, 0x00000000a5f00000|  0%| F|  |TAMS 0x00000000a5e00000, 0x00000000a5e00000| Untracked 
|  61|0x00000000a5f00000, 0x00000000a5f00000, 0x00000000a6000000|  0%| F|  |TAMS 0x00000000a5f00000, 0x00000000a5f00000| Untracked 
|  62|0x00000000a6000000, 0x00000000a608df30, 0x00000000a6100000| 55%| S|CS|TAMS 0x00000000a6000000, 0x00000000a6000000| Complete 
|  63|0x00000000a6100000, 0x00000000a6100000, 0x00000000a6200000|  0%| F|  |TAMS 0x00000000a6100000, 0x00000000a6100000| Untracked 
|  64|0x00000000a6200000, 0x00000000a6200000, 0x00000000a6300000|  0%| F|  |TAMS 0x00000000a6200000, 0x00000000a6200000| Untracked 
|  65|0x00000000a6300000, 0x00000000a6300000, 0x00000000a6400000|  0%| F|  |TAMS 0x00000000a6300000, 0x00000000a6300000| Untracked 
|  66|0x00000000a6400000, 0x00000000a6400000, 0x00000000a6500000|  0%| F|  |TAMS 0x00000000a6400000, 0x00000000a6400000| Untracked 
|  67|0x00000000a6500000, 0x00000000a6500000, 0x00000000a6600000|  0%| F|  |TAMS 0x00000000a6500000, 0x00000000a6500000| Untracked 
|  68|0x00000000a6600000, 0x00000000a6600000, 0x00000000a6700000|  0%| F|  |TAMS 0x00000000a6600000, 0x00000000a6600000| Untracked 
|  69|0x00000000a6700000, 0x00000000a6700000, 0x00000000a6800000|  0%| F|  |TAMS 0x00000000a6700000, 0x00000000a6700000| Untracked 
|  70|0x00000000a6800000, 0x00000000a6800000, 0x00000000a6900000|  0%| F|  |TAMS 0x00000000a6800000, 0x00000000a6800000| Untracked 
|  71|0x00000000a6900000, 0x00000000a6900000, 0x00000000a6a00000|  0%| F|  |TAMS 0x00000000a6900000, 0x00000000a6900000| Untracked 
|  72|0x00000000a6a00000, 0x00000000a6a00000, 0x00000000a6b00000|  0%| F|  |TAMS 0x00000000a6a00000, 0x00000000a6a00000| Untracked 
|  73|0x00000000a6b00000, 0x00000000a6b00000, 0x00000000a6c00000|  0%| F|  |TAMS 0x00000000a6b00000, 0x00000000a6b00000| Untracked 
|  74|0x00000000a6c00000, 0x00000000a6c00000, 0x00000000a6d00000|  0%| F|  |TAMS 0x00000000a6c00000, 0x00000000a6c00000| Untracked 
|  75|0x00000000a6d00000, 0x00000000a6d00000, 0x00000000a6e00000|  0%| F|  |TAMS 0x00000000a6d00000, 0x00000000a6d00000| Untracked 
|  76|0x00000000a6e00000, 0x00000000a6e00000, 0x00000000a6f00000|  0%| F|  |TAMS 0x00000000a6e00000, 0x00000000a6e00000| Untracked 
|  77|0x00000000a6f00000, 0x00000000a6f00000, 0x00000000a7000000|  0%| F|  |TAMS 0x00000000a6f00000, 0x00000000a6f00000| Untracked 
|  78|0x00000000a7000000, 0x00000000a7000000, 0x00000000a7100000|  0%| F|  |TAMS 0x00000000a7000000, 0x00000000a7000000| Untracked 
|  79|0x00000000a7100000, 0x00000000a7100000, 0x00000000a7200000|  0%| F|  |TAMS 0x00000000a7100000, 0x00000000a7100000| Untracked 
|  80|0x00000000a7200000, 0x00000000a7200000, 0x00000000a7300000|  0%| F|  |TAMS 0x00000000a7200000, 0x00000000a7200000| Untracked 
|  81|0x00000000a7300000, 0x00000000a7300000, 0x00000000a7400000|  0%| F|  |TAMS 0x00000000a7300000, 0x00000000a7300000| Untracked 
|  82|0x00000000a7400000, 0x00000000a7400000, 0x00000000a7500000|  0%| F|  |TAMS 0x00000000a7400000, 0x00000000a7400000| Untracked 
|  83|0x00000000a7500000, 0x00000000a7500000, 0x00000000a7600000|  0%| F|  |TAMS 0x00000000a7500000, 0x00000000a7500000| Untracked 
|  84|0x00000000a7600000, 0x00000000a7600000, 0x00000000a7700000|  0%| F|  |TAMS 0x00000000a7600000, 0x00000000a7600000| Untracked 
|  85|0x00000000a7700000, 0x00000000a7700000, 0x00000000a7800000|  0%| F|  |TAMS 0x00000000a7700000, 0x00000000a7700000| Untracked 
|  86|0x00000000a7800000, 0x00000000a7800000, 0x00000000a7900000|  0%| F|  |TAMS 0x00000000a7800000, 0x00000000a7800000| Untracked 
|  87|0x00000000a7900000, 0x00000000a7900000, 0x00000000a7a00000|  0%| F|  |TAMS 0x00000000a7900000, 0x00000000a7900000| Untracked 
|  88|0x00000000a7a00000, 0x00000000a7a00000, 0x00000000a7b00000|  0%| F|  |TAMS 0x00000000a7a00000, 0x00000000a7a00000| Untracked 
|  89|0x00000000a7b00000, 0x00000000a7b00000, 0x00000000a7c00000|  0%| F|  |TAMS 0x00000000a7b00000, 0x00000000a7b00000| Untracked 
|  90|0x00000000a7c00000, 0x00000000a7c00000, 0x00000000a7d00000|  0%| F|  |TAMS 0x00000000a7c00000, 0x00000000a7c00000| Untracked 
|  91|0x00000000a7d00000, 0x00000000a7d00000, 0x00000000a7e00000|  0%| F|  |TAMS 0x00000000a7d00000, 0x00000000a7d00000| Untracked 
|  92|0x00000000a7e00000, 0x00000000a7e00000, 0x00000000a7f00000|  0%| F|  |TAMS 0x00000000a7e00000, 0x00000000a7e00000| Untracked 
|  93|0x00000000a7f00000, 0x00000000a7f00000, 0x00000000a8000000|  0%| F|  |TAMS 0x00000000a7f00000, 0x00000000a7f00000| Untracked 

Card table byte_map: [0x0000024cd0290000,0x0000024cd0580000] _byte_map_base: 0x0000024ccfd7f000

Marking Bits (Prev, Next): (CMBitMap*) 0x0000024cb9227e60, (CMBitMap*) 0x0000024cb9227ea0
 Prev Bits: [0x0000024cd0870000, 0x0000024cd1fe8000)
 Next Bits: [0x0000024cd1ff0000, 0x0000024cd3768000)

Polling page: 0x0000024cb8970000

Metaspace:

Usage:
  Non-class:     25.84 MB used.
      Class:      3.75 MB used.
       Both:     29.59 MB used.

Virtual space:
  Non-class space:       64.00 MB reserved,      26.12 MB ( 41%) committed,  1 nodes.
      Class space:        1.00 GB reserved,       4.00 MB ( <1%) committed,  1 nodes.
             Both:        1.06 GB reserved,      30.12 MB (  3%) committed. 

Chunk freelists:
   Non-Class:  4.98 MB
       Class:  12.03 MB
        Both:  17.01 MB

MaxMetaspaceSize: unlimited
CompressedClassSpaceSize: 1.00 GB
Initial GC threshold: 21.00 MB
Current GC threshold: 50.25 MB
CDS: on
MetaspaceReclaimPolicy: balanced
 - commit_granule_bytes: 65536.
 - commit_granule_words: 8192.
 - virtual_space_node_default_size: 8388608.
 - enlarge_chunks_in_place: 1.
 - new_chunks_are_fully_committed: 0.
 - uncommit_free_chunks: 1.
 - use_allocation_guard: 0.
 - handle_deallocations: 1.


Internal statistics:

num_allocs_failed_limit: 3.
num_arena_births: 584.
num_arena_deaths: 0.
num_vsnodes_births: 2.
num_vsnodes_deaths: 0.
num_space_committed: 482.
num_space_uncommitted: 0.
num_chunks_returned_to_freelist: 3.
num_chunks_taken_from_freelist: 1682.
num_chunk_merges: 3.
num_chunk_splits: 1139.
num_chunks_enlarged: 825.
num_inconsistent_stats: 0.

CodeHeap 'non-profiled nmethods': size=120000Kb used=1888Kb max_used=1888Kb free=118111Kb
 bounds [0x0000024cc8520000, 0x0000024cc8790000, 0x0000024ccfa50000]
CodeHeap 'profiled nmethods': size=120000Kb used=8104Kb max_used=8104Kb free=111895Kb
 bounds [0x0000024cc0a50000, 0x0000024cc1240000, 0x0000024cc7f80000]
CodeHeap 'non-nmethods': size=5760Kb used=1234Kb max_used=1271Kb free=4525Kb
 bounds [0x0000024cc7f80000, 0x0000024cc81f0000, 0x0000024cc8520000]
 total_blobs=4424 nmethods=3881 adapters=455
 compilation: enabled
              stopped_count=0, restarted_count=0
 full_count=0

Compilation events (20 events):
Event: 81.395 Thread 0x0000024cd63c97d0 3878 % !   3       com.cyan.csv_reader.service.CSVReaderSVC::readCsvFile @ 42 (114 bytes)
Event: 81.426 Thread 0x0000024cd63c8d20 nmethod 3877 0x0000024cc86f3690 code [0x0000024cc86f3960, 0x0000024cc86f5140]
Event: 81.455 Thread 0x0000024cd63c97d0 nmethod 3878% 0x0000024cc122ef10 code [0x0000024cc122f340, 0x0000024cc1231608]
Event: 81.457 Thread 0x0000024cd63c97d0 3879 %     3       com.cyan.csv_reader.service.CSVReaderSVC::filterData @ 15 (103 bytes)
Event: 81.468 Thread 0x0000024cd63c97d0 nmethod 3879% 0x0000024cc1232490 code [0x0000024cc12328a0, 0x0000024cc1234ae8]
Event: 81.469 Thread 0x0000024cd63c8d20 3880       4       java.io.Writer::write (11 bytes)
Event: 81.479 Thread 0x0000024cd63c97d0 3885       3       java.nio.Buffer::clear (20 bytes)
Event: 81.479 Thread 0x0000024cd63c97d0 nmethod 3885 0x0000024cc1235510 code [0x0000024cc12356a0, 0x0000024cc12357b8]
Event: 81.480 Thread 0x0000024cd63c97d0 3886       3       java.nio.ByteBuffer::clear (7 bytes)
Event: 81.481 Thread 0x0000024cd63c97d0 nmethod 3886 0x0000024cc1235890 code [0x0000024cc1235a20, 0x0000024cc1235b98]
Event: 81.483 Thread 0x0000024cd63c8d20 nmethod 3880 0x0000024cc86f6210 code [0x0000024cc86f63c0, 0x0000024cc86f6c48]
Event: 81.483 Thread 0x0000024cd63c8d20 3881 %     4       java.lang.String::join @ 200 (281 bytes)
Event: 81.590 Thread 0x0000024cd63c8d20 nmethod 3881% 0x0000024cc86f7190 code [0x0000024cc86f7340, 0x0000024cc86f7c78]
Event: 81.590 Thread 0x0000024cd63c8d20 3882       4       java.lang.String::join (52 bytes)
Event: 81.592 Thread 0x0000024cd63c97d0 3887   !   3       java.nio.charset.CharsetEncoder::encode (273 bytes)
Event: 81.595 Thread 0x0000024cd63c97d0 nmethod 3887 0x0000024cc1235c90 code [0x0000024cc1235fa0, 0x0000024cc12372a8]
Event: 81.595 Thread 0x0000024cd63c97d0 3889       3       sun.nio.cs.UTF_8$Encoder::encodeLoop (28 bytes)
Event: 81.595 Thread 0x0000024cd63c97d0 nmethod 3889 0x0000024cc1237890 code [0x0000024cc1237a60, 0x0000024cc1237e78]
Event: 81.595 Thread 0x0000024cd63c97d0 3890       3       sun.nio.cs.UTF_8$Encoder::encodeArrayLoop (137 bytes)
Event: 81.597 Thread 0x0000024cd63c97d0 nmethod 3890 0x0000024cc1238010 code [0x0000024cc12383a0, 0x0000024cc1239918]

GC Heap History (20 events):
Event: 7.099 GC heap after
{Heap after GC invocations=4 (full 0):
 garbage-first heap   total 96256K, used 10502K [0x00000000a2200000, 0x0000000100000000)
  region size 1024K, 5 young (5120K), 5 survivors (5120K)
 Metaspace       used 21268K, committed 21504K, reserved 1114112K
  class space    used 2638K, committed 2752K, reserved 1048576K
}
Event: 7.960 GC heap before
{Heap before GC invocations=5 (full 0):
 garbage-first heap   total 40960K, used 29958K [0x00000000a2200000, 0x0000000100000000)
  region size 1024K, 24 young (24576K), 5 survivors (5120K)
 Metaspace       used 25317K, committed 25728K, reserved 1114112K
  class space    used 3184K, committed 3392K, reserved 1048576K
}
Event: 7.969 GC heap after
{Heap after GC invocations=6 (full 0):
 garbage-first heap   total 40960K, used 12232K [0x00000000a2200000, 0x0000000100000000)
  region size 1024K, 3 young (3072K), 3 survivors (3072K)
 Metaspace       used 25317K, committed 25728K, reserved 1114112K
  class space    used 3184K, committed 3392K, reserved 1048576K
}
Event: 8.021 GC heap before
{Heap before GC invocations=6 (full 0):
 garbage-first heap   total 40960K, used 13256K [0x00000000a2200000, 0x0000000100000000)
  region size 1024K, 4 young (4096K), 3 survivors (3072K)
 Metaspace       used 25495K, committed 25920K, reserved 1114112K
  class space    used 3213K, committed 3392K, reserved 1048576K
}
Event: 8.025 GC heap after
{Heap after GC invocations=7 (full 0):
 garbage-first heap   total 40960K, used 12547K [0x00000000a2200000, 0x0000000100000000)
  region size 1024K, 1 young (1024K), 1 survivors (1024K)
 Metaspace       used 25495K, committed 25920K, reserved 1114112K
  class space    used 3213K, committed 3392K, reserved 1048576K
}
Event: 8.663 GC heap before
{Heap before GC invocations=7 (full 0):
 garbage-first heap   total 40960K, used 29955K [0x00000000a2200000, 0x0000000100000000)
  region size 1024K, 18 young (18432K), 1 survivors (1024K)
 Metaspace       used 28397K, committed 28800K, reserved 1114112K
  class space    used 3593K, committed 3776K, reserved 1048576K
}
Event: 8.667 GC heap after
{Heap after GC invocations=8 (full 0):
 garbage-first heap   total 62464K, used 14023K [0x00000000a2200000, 0x0000000100000000)
  region size 1024K, 2 young (2048K), 2 survivors (2048K)
 Metaspace       used 28397K, committed 28800K, reserved 1114112K
  class space    used 3593K, committed 3776K, reserved 1048576K
}
Event: 33.367 GC heap before
{Heap before GC invocations=8 (full 0):
 garbage-first heap   total 62464K, used 43719K [0x00000000a2200000, 0x0000000100000000)
  region size 1024K, 32 young (32768K), 2 survivors (2048K)
 Metaspace       used 30012K, committed 30400K, reserved 1114112K
  class space    used 3814K, committed 3968K, reserved 1048576K
}
Event: 33.470 GC heap after
{Heap after GC invocations=9 (full 0):
 garbage-first heap   total 62464K, used 28878K [0x00000000a2200000, 0x0000000100000000)
  region size 1024K, 4 young (4096K), 4 survivors (4096K)
 Metaspace       used 30012K, committed 30400K, reserved 1114112K
  class space    used 3814K, committed 3968K, reserved 1048576K
}
Event: 81.239 GC heap before
{Heap before GC invocations=9 (full 0):
 garbage-first heap   total 62464K, used 42190K [0x00000000a2200000, 0x0000000100000000)
  region size 1024K, 17 young (17408K), 4 survivors (4096K)
 Metaspace       used 30286K, committed 30784K, reserved 1114112K
  class space    used 3842K, committed 4096K, reserved 1048576K
}
Event: 81.290 GC heap after
{Heap after GC invocations=10 (full 0):
 garbage-first heap   total 62464K, used 31244K [0x00000000a2200000, 0x0000000100000000)
  region size 1024K, 3 young (3072K), 3 survivors (3072K)
 Metaspace       used 30286K, committed 30784K, reserved 1114112K
  class space    used 3842K, committed 4096K, reserved 1048576K
}
Event: 81.361 GC heap before
{Heap before GC invocations=10 (full 0):
 garbage-first heap   total 62464K, used 43532K [0x00000000a2200000, 0x0000000100000000)
  region size 1024K, 15 young (15360K), 3 survivors (3072K)
 Metaspace       used 30286K, committed 30784K, reserved 1114112K
  class space    used 3842K, committed 4096K, reserved 1048576K
}
Event: 81.384 GC heap after
{Heap after GC invocations=11 (full 0):
 garbage-first heap   total 62464K, used 39120K [0x00000000a2200000, 0x0000000100000000)
  region size 1024K, 2 young (2048K), 2 survivors (2048K)
 Metaspace       used 30286K, committed 30784K, reserved 1114112K
  class space    used 3842K, committed 4096K, reserved 1048576K
}
Event: 81.406 GC heap before
{Heap before GC invocations=11 (full 0):
 garbage-first heap   total 62464K, used 45264K [0x00000000a2200000, 0x0000000100000000)
  region size 1024K, 8 young (8192K), 2 survivors (2048K)
 Metaspace       used 30287K, committed 30784K, reserved 1114112K
  class space    used 3842K, committed 4096K, reserved 1048576K
}
Event: 81.418 GC heap after
{Heap after GC invocations=12 (full 0):
 garbage-first heap   total 62464K, used 43911K [0x00000000a2200000, 0x0000000100000000)
  region size 1024K, 1 young (1024K), 1 survivors (1024K)
 Metaspace       used 30287K, committed 30784K, reserved 1114112K
  class space    used 3842K, committed 4096K, reserved 1048576K
}
Event: 81.430 GC heap before
{Heap before GC invocations=12 (full 0):
 garbage-first heap   total 62464K, used 46983K [0x00000000a2200000, 0x0000000100000000)
  region size 1024K, 5 young (5120K), 1 survivors (1024K)
 Metaspace       used 30290K, committed 30784K, reserved 1114112K
  class space    used 3842K, committed 4096K, reserved 1048576K
}
Event: 81.436 GC heap after
{Heap after GC invocations=13 (full 0):
 garbage-first heap   total 62464K, used 47104K [0x00000000a2200000, 0x0000000100000000)
  region size 1024K, 1 young (1024K), 1 survivors (1024K)
 Metaspace       used 30290K, committed 30784K, reserved 1114112K
  class space    used 3842K, committed 4096K, reserved 1048576K
}
Event: 81.442 GC heap before
{Heap before GC invocations=13 (full 0):
 garbage-first heap   total 62464K, used 49152K [0x00000000a2200000, 0x0000000100000000)
  region size 1024K, 3 young (3072K), 1 survivors (1024K)
 Metaspace       used 30291K, committed 30848K, reserved 1114112K
  class space    used 3842K, committed 4096K, reserved 1048576K
}
Event: 81.444 GC heap after
{Heap after GC invocations=14 (full 0):
 garbage-first heap   total 62464K, used 48744K [0x00000000a2200000, 0x0000000100000000)
  region size 1024K, 1 young (1024K), 1 survivors (1024K)
 Metaspace       used 30291K, committed 30848K, reserved 1114112K
  class space    used 3842K, committed 4096K, reserved 1048576K
}
Event: 81.601 GC heap before
{Heap before GC invocations=14 (full 0):
 garbage-first heap   total 65536K, used 38504K [0x00000000a2200000, 0x0000000100000000)
  region size 1024K, 3 young (3072K), 1 survivors (1024K)
 Metaspace       used 30301K, committed 30848K, reserved 1114112K
  class space    used 3842K, committed 4096K, reserved 1048576K
}

Deoptimization events (20 events):
Event: 81.598 Thread 0x0000024d1c7ca7a0 DEOPT PACKING pc=0x0000024cc121b003 sp=0x000000acb8afcb10
Event: 81.598 Thread 0x0000024d1c7ca7a0 DEOPT UNPACKING pc=0x0000024cc7fd2b43 sp=0x000000acb8afbfa8 mode 0
Event: 81.598 Thread 0x0000024d1c7ca7a0 DEOPT PACKING pc=0x0000024cc121b003 sp=0x000000acb8afcb10
Event: 81.598 Thread 0x0000024d1c7ca7a0 DEOPT UNPACKING pc=0x0000024cc7fd2b43 sp=0x000000acb8afbfa8 mode 0
Event: 81.598 Thread 0x0000024d1c7ca7a0 DEOPT PACKING pc=0x0000024cc121b003 sp=0x000000acb8afcb10
Event: 81.598 Thread 0x0000024d1c7ca7a0 DEOPT UNPACKING pc=0x0000024cc7fd2b43 sp=0x000000acb8afbfa8 mode 0
Event: 81.599 Thread 0x0000024d1c7ca7a0 DEOPT PACKING pc=0x0000024cc121b003 sp=0x000000acb8afcb10
Event: 81.599 Thread 0x0000024d1c7ca7a0 DEOPT UNPACKING pc=0x0000024cc7fd2b43 sp=0x000000acb8afbfa8 mode 0
Event: 81.599 Thread 0x0000024d1c7ca7a0 DEOPT PACKING pc=0x0000024cc121b003 sp=0x000000acb8afcb10
Event: 81.599 Thread 0x0000024d1c7ca7a0 DEOPT UNPACKING pc=0x0000024cc7fd2b43 sp=0x000000acb8afbfa8 mode 0
Event: 81.599 Thread 0x0000024d1c7ca7a0 DEOPT PACKING pc=0x0000024cc121b003 sp=0x000000acb8afcb10
Event: 81.599 Thread 0x0000024d1c7ca7a0 DEOPT UNPACKING pc=0x0000024cc7fd2b43 sp=0x000000acb8afbfa8 mode 0
Event: 81.599 Thread 0x0000024d1c7ca7a0 DEOPT PACKING pc=0x0000024cc121932c sp=0x000000acb8afd0b0
Event: 81.599 Thread 0x0000024d1c7ca7a0 DEOPT UNPACKING pc=0x0000024cc7fd2b43 sp=0x000000acb8afc550 mode 0
Event: 81.599 Thread 0x0000024d1c7ca7a0 DEOPT PACKING pc=0x0000024cc121b003 sp=0x000000acb8afcb10
Event: 81.599 Thread 0x0000024d1c7ca7a0 DEOPT UNPACKING pc=0x0000024cc7fd2b43 sp=0x000000acb8afbfa8 mode 0
Event: 81.600 Thread 0x0000024d1c7ca7a0 DEOPT PACKING pc=0x0000024cc121b003 sp=0x000000acb8afcb10
Event: 81.600 Thread 0x0000024d1c7ca7a0 DEOPT UNPACKING pc=0x0000024cc7fd2b43 sp=0x000000acb8afbfa8 mode 0
Event: 81.600 Thread 0x0000024d1c7ca7a0 DEOPT PACKING pc=0x0000024cc121b003 sp=0x000000acb8afcb10
Event: 81.600 Thread 0x0000024d1c7ca7a0 DEOPT UNPACKING pc=0x0000024cc7fd2b43 sp=0x000000acb8afbfa8 mode 0

Classes unloaded (0 events):
No events

Classes redefined (0 events):
No events

Internal exceptions (20 events):
Event: 7.575 Thread 0x0000024d1c4acbc0 Exception <a 'java/lang/NoSuchMethodError'{0x00000000a3c8d0c8}: 'java.lang.Object java.lang.invoke.DirectMethodHandle$Holder.invokeStaticInit(java.lang.Object, java.lang.Object, int, int, int, int)'> (0x00000000a3c8d0c8) 
thrown [s\open\src\hotspot\share\interpreter\linkResolver.cpp, line 759]
Event: 7.748 Thread 0x0000024d1c4acbc0 Exception <a 'sun/nio/fs/WindowsException'{0x00000000a37b9c38}> (0x00000000a37b9c38) 
thrown [s\open\src\hotspot\share\prims\jni.cpp, line 516]
Event: 7.751 Thread 0x0000024d1c4acbc0 Exception <a 'sun/nio/fs/WindowsException'{0x00000000a37bf6b8}> (0x00000000a37bf6b8) 
thrown [s\open\src\hotspot\share\prims\jni.cpp, line 516]
Event: 7.751 Thread 0x0000024d1c4acbc0 Exception <a 'sun/nio/fs/WindowsException'{0x00000000a37bf9b0}> (0x00000000a37bf9b0) 
thrown [s\open\src\hotspot\share\prims\jni.cpp, line 516]
Event: 7.753 Thread 0x0000024d1c4acbc0 Exception <a 'sun/nio/fs/WindowsException'{0x00000000a37c0780}> (0x00000000a37c0780) 
thrown [s\open\src\hotspot\share\prims\jni.cpp, line 516]
Event: 7.753 Thread 0x0000024d1c4acbc0 Exception <a 'sun/nio/fs/WindowsException'{0x00000000a37c0ae0}> (0x00000000a37c0ae0) 
thrown [s\open\src\hotspot\share\prims\jni.cpp, line 516]
Event: 7.795 Thread 0x0000024d1c4acbc0 Exception <a 'java/lang/NoSuchMethodError'{0x00000000a36f16b8}: 'java.lang.Object java.lang.invoke.DirectMethodHandle$Holder.invokeSpecial(java.lang.Object, java.lang.Object, long, java.lang.Object, java.lang.Object, java.lang.Object, java.lang.Object, java.lang.Object, java.lang.Object)'> (0x00000000a36f16b8) 
thrown [s\open\src\hotspot\share\interpreter\linkResolver.cpp, line 759]
Event: 7.795 Thread 0x0000024d1c4acbc0 Exception <a 'java/lang/NoSuchMethodError'{0x00000000a36f61e0}: 'java.lang.Object java.lang.invoke.DelegatingMethodHandle$Holder.reinvoke_L(java.lang.Object, long, java.lang.Object, java.lang.Object, java.lang.Object, java.lang.Object, java.lang.Object, java.lang.Object)'> (0x00000000a36f61e0) 
thrown [s\open\src\hotspot\share\interpreter\linkResolver.cpp, line 759]
Event: 7.853 Thread 0x0000024d1c4acbc0 Exception <a 'java/io/FileNotFoundException'{0x00000000a3427800}> (0x00000000a3427800) 
thrown [s\open\src\hotspot\share\prims\jni.cpp, line 516]
Event: 7.881 Thread 0x0000024d1c4acbc0 Exception <a 'java/lang/NoSuchMethodError'{0x00000000a34ee4e8}: 'int java.lang.invoke.DirectMethodHandle$Holder.invokeInterface(java.lang.Object, java.lang.Object, java.lang.Object, java.lang.Object)'> (0x00000000a34ee4e8) 
thrown [s\open\src\hotspot\share\interpreter\linkResolver.cpp, line 759]
Event: 7.940 Thread 0x0000024d1c4acbc0 Exception <a 'java/lang/NoSuchMethodError'{0x00000000a329f1a0}: 'long java.lang.invoke.DirectMethodHandle$Holder.invokeVirtual(java.lang.Object, java.lang.Object)'> (0x00000000a329f1a0) 
thrown [s\open\src\hotspot\share\interpreter\linkResolver.cpp, line 759]
Event: 7.950 Thread 0x0000024d1c4acbc0 Exception <a 'java/io/FileNotFoundException'{0x00000000a32ccce0}> (0x00000000a32ccce0) 
thrown [s\open\src\hotspot\share\prims\jni.cpp, line 516]
Event: 8.300 Thread 0x0000024d1c4acbc0 Exception <a 'sun/nio/fs/WindowsException'{0x00000000a41720b0}> (0x00000000a41720b0) 
thrown [s\open\src\hotspot\share\prims\jni.cpp, line 516]
Event: 8.356 Thread 0x0000024d1c4acbc0 Exception <a 'java/lang/IncompatibleClassChangeError'{0x00000000a40f8fc8}: Found class java.lang.Object, but interface was expected> (0x00000000a40f8fc8) 
thrown [s\open\src\hotspot\share\interpreter\linkResolver.cpp, line 826]
Event: 8.400 Thread 0x0000024d1c4acbc0 Exception <a 'java/lang/NoSuchMethodError'{0x00000000a3e221b8}: 'void java.lang.invoke.DirectMethodHandle$Holder.invokeVirtual(java.lang.Object, java.lang.Object, long)'> (0x00000000a3e221b8) 
thrown [s\open\src\hotspot\share\interpreter\linkResolver.cpp, line 759]
Event: 8.497 Thread 0x0000024d1c4acbc0 Exception <a 'java/lang/NoSuchMethodError'{0x00000000a3b10780}: 'int java.lang.invoke.DirectMethodHandle$Holder.invokeStaticInit(java.lang.Object, java.lang.Object, java.lang.Object, java.lang.Object)'> (0x00000000a3b10780) 
thrown [s\open\src\hotspot\share\interpreter\linkResolver.cpp, line 759]
Event: 8.600 Thread 0x0000024d1c4acbc0 Exception <a 'java/lang/NoSuchMethodError'{0x00000000a39783b8}: 'java.lang.Object java.lang.invoke.DirectMethodHandle$Holder.newInvokeSpecial(java.lang.Object, java.lang.Object, int, java.lang.Object, java.lang.Object)'> (0x00000000a39783b8) 
thrown [s\open\src\hotspot\share\interpreter\linkResolver.cpp, line 759]
Event: 32.854 Thread 0x0000024d1c7c9d80 Exception <a 'java/lang/NoSuchMethodError'{0x00000000a5b05a50}: 'java.lang.Object java.lang.invoke.DirectMethodHandle$Holder.invokeSpecial(java.lang.Object, java.lang.Object, java.lang.Object, java.lang.Object, java.lang.Object, long)'> (0x00000000a5b05a50) 
thrown [s\open\src\hotspot\share\interpreter\linkResolver.cpp, line 759]
Event: 32.855 Thread 0x0000024d1c7c9d80 Exception <a 'java/lang/NoSuchMethodError'{0x00000000a5b09490}: 'java.lang.Object java.lang.invoke.Invokers$Holder.linkToTargetMethod(java.lang.Object, java.lang.Object, java.lang.Object, long, java.lang.Object)'> (0x00000000a5b09490) 
thrown [s\open\src\hotspot\share\interpreter\linkResolver.cpp, line 759]
Event: 33.049 Thread 0x0000024d1c7c9d80 Exception <a 'java/lang/NoSuchMethodError'{0x00000000a5abda58}: 'java.lang.Object java.lang.invoke.DirectMethodHandle$Holder.invokeStatic(java.lang.Object, int, int)'> (0x00000000a5abda58) 
thrown [s\open\src\hotspot\share\interpreter\linkResolver.cpp, line 759]

VM Operations (20 events):
Event: 34.613 Executing VM operation: Cleanup done
Event: 60.182 Executing VM operation: HandshakeAllThreads
Event: 60.182 Executing VM operation: HandshakeAllThreads done
Event: 74.228 Executing VM operation: Cleanup
Event: 74.229 Executing VM operation: Cleanup done
Event: 75.236 Executing VM operation: Cleanup
Event: 75.236 Executing VM operation: Cleanup done
Event: 81.238 Executing VM operation: G1CollectForAllocation
Event: 81.290 Executing VM operation: G1CollectForAllocation done
Event: 81.361 Executing VM operation: G1CollectForAllocation
Event: 81.384 Executing VM operation: G1CollectForAllocation done
Event: 81.396 Executing VM operation: G1CollectForAllocation
Event: 81.418 Executing VM operation: G1CollectForAllocation done
Event: 81.429 Executing VM operation: G1CollectForAllocation
Event: 81.437 Executing VM operation: G1CollectForAllocation done
Event: 81.440 Executing VM operation: G1CollectForAllocation
Event: 81.445 Executing VM operation: G1CollectForAllocation done
Event: 81.491 Executing VM operation: G1Concurrent
Event: 81.589 Executing VM operation: G1Concurrent done
Event: 81.600 Executing VM operation: G1CollectForAllocation

Events (20 events):
Event: 32.868 loading class sun/nio/cs/ThreadLocalCoders$2
Event: 32.868 loading class sun/nio/cs/ThreadLocalCoders$2 done
Event: 33.050 loading class java/util/ArrayList$SubList$2
Event: 33.050 loading class java/util/ArrayList$SubList$2 done
Event: 33.549 loading class java/util/stream/ReduceOps$5
Event: 33.550 loading class java/util/stream/ReduceOps$5 done
Event: 33.595 loading class java/io/FileOutputStream$1
Event: 33.595 loading class java/io/FileOutputStream$1 done
Event: 33.625 loading class java/time/format/DateTimeFormatterBuilder$ZoneTextPrinterParser
Event: 33.626 loading class java/time/format/DateTimeFormatterBuilder$ZoneTextPrinterParser done
Event: 33.626 loading class java/time/format/DateTimeFormatterBuilder$ReducedPrinterParser
Event: 33.627 loading class java/time/format/DateTimeFormatterBuilder$ReducedPrinterParser done
Event: 33.649 loading class java/util/OptionalLong
Event: 33.649 loading class java/util/OptionalLong done
Event: 33.650 loading class java/util/OptionalDouble
Event: 33.650 loading class java/util/OptionalDouble done
Event: 33.661 loading class java/util/stream/LongStream
Event: 33.662 loading class java/util/stream/LongStream done
Event: 33.662 loading class java/util/stream/DoubleStream
Event: 33.663 loading class java/util/stream/DoubleStream done


Dynamic libraries:
0x00007ff6bd540000 - 0x00007ff6bd550000 	C:\Program Files\Java\jdk-17\bin\java.exe
0x00007ffe15330000 - 0x00007ffe15528000 	C:\WINDOWS\SYSTEM32\ntdll.dll
0x00007ffe13b40000 - 0x00007ffe13c01000 	C:\WINDOWS\System32\KERNEL32.DLL
0x00007ffe129e0000 - 0x00007ffe12cdd000 	C:\WINDOWS\System32\KERNELBASE.dll
0x00000000614d0000 - 0x0000000061565000 	C:\WINDOWS\System32\SYSFER.DLL
0x00007ffe147f0000 - 0x00007ffe148a0000 	C:\WINDOWS\System32\ADVAPI32.dll
0x00007ffe133f0000 - 0x00007ffe1348e000 	C:\WINDOWS\System32\msvcrt.dll
0x00007ffe13ec0000 - 0x00007ffe13f60000 	C:\WINDOWS\System32\sechost.dll
0x00007ffe13c70000 - 0x00007ffe13d93000 	C:\WINDOWS\System32\RPCRT4.dll
0x00007ffe13150000 - 0x00007ffe13177000 	C:\WINDOWS\System32\bcrypt.dll
0x00007ffe12d30000 - 0x00007ffe12e30000 	C:\WINDOWS\System32\ucrtbase.dll
0x00007ffe0bfa0000 - 0x00007ffe0bfbb000 	C:\Program Files\Java\jdk-17\bin\VCRUNTIME140.dll
0x00007ffe04140000 - 0x00007ffe04159000 	C:\Program Files\Java\jdk-17\bin\jli.dll
0x00007ffe13510000 - 0x00007ffe136ad000 	C:\WINDOWS\System32\USER32.dll
0x00007ffdfb530000 - 0x00007ffdfb7ca000 	C:\WINDOWS\WinSxS\amd64_microsoft.windows.common-controls_6595b64144ccf1df_6.0.19041.4355_none_60b8b9eb71f62e16\COMCTL32.dll
0x00007ffe13180000 - 0x00007ffe131a2000 	C:\WINDOWS\System32\win32u.dll
0x00007ffe13360000 - 0x00007ffe1338b000 	C:\WINDOWS\System32\GDI32.dll
0x00007ffe12f90000 - 0x00007ffe130a7000 	C:\WINDOWS\System32\gdi32full.dll
0x00007ffe130b0000 - 0x00007ffe1314d000 	C:\WINDOWS\System32\msvcp_win.dll
0x00007ffe067e0000 - 0x00007ffe067ea000 	C:\WINDOWS\SYSTEM32\VERSION.dll
0x00007ffe133c0000 - 0x00007ffe133ef000 	C:\WINDOWS\System32\IMM32.DLL
0x0000024cb6ec0000 - 0x0000024cb6ed4000 	C:\WINDOWS\System32\umppc18613.dll
0x0000024cb8730000 - 0x0000024cb8742000 	C:\WINDOWS\System32\CsXumd64_18613.dll
0x0000000068000000 - 0x0000000068072000 	C:\WINDOWS\System32\QIPCAP64.dll
0x00007ffe148a0000 - 0x00007ffe1500f000 	C:\WINDOWS\System32\SHELL32.dll
0x00007ffe11d90000 - 0x00007ffe11e5a000 	C:\WINDOWS\SYSTEM32\DNSAPI.dll
0x00007ffe11d40000 - 0x00007ffe11d7b000 	C:\WINDOWS\SYSTEM32\IPHLPAPI.DLL
0x00007ffe133b0000 - 0x00007ffe133b8000 	C:\WINDOWS\System32\NSI.dll
0x00007ffe0e910000 - 0x00007ffe0e91c000 	C:\Program Files\Java\jdk-17\bin\vcruntime140_1.dll
0x00007ffdce160000 - 0x00007ffdce1ee000 	C:\Program Files\Java\jdk-17\bin\msvcp140.dll
0x00007ffd9b2e0000 - 0x00007ffd9bebf000 	C:\Program Files\Java\jdk-17\bin\server\jvm.dll
0x00007ffe146e0000 - 0x00007ffe146e8000 	C:\WINDOWS\System32\PSAPI.DLL
0x00007ffde6b00000 - 0x00007ffde6b09000 	C:\WINDOWS\SYSTEM32\WSOCK32.dll
0x00007ffe14780000 - 0x00007ffe147eb000 	C:\WINDOWS\System32\WS2_32.dll
0x00007ffe064d0000 - 0x00007ffe064f7000 	C:\WINDOWS\SYSTEM32\WINMM.dll
0x00007ffe11320000 - 0x00007ffe11332000 	C:\WINDOWS\SYSTEM32\kernel.appcore.dll
0x00007ffe04130000 - 0x00007ffe0413a000 	C:\Program Files\Java\jdk-17\bin\jimage.dll
0x00007ffe10ad0000 - 0x00007ffe10cb4000 	C:\WINDOWS\SYSTEM32\DBGHELP.DLL
0x00007ffe07ae0000 - 0x00007ffe07b14000 	C:\WINDOWS\SYSTEM32\dbgcore.DLL
0x0000024cb88e0000 - 0x0000024cb8962000 	C:\WINDOWS\System32\bcryptPrimitives.dll
0x00007ffe0b810000 - 0x00007ffe0b81e000 	C:\Program Files\Java\jdk-17\bin\instrument.dll
0x00007ffe04090000 - 0x00007ffe040b5000 	C:\Program Files\Java\jdk-17\bin\java.dll
0x00007ffdbcc40000 - 0x00007ffdbcd17000 	C:\Program Files\Java\jdk-17\bin\jsvml.dll
0x00007ffe10320000 - 0x00007ffe10ac3000 	C:\WINDOWS\SYSTEM32\windows.storage.dll
0x00007ffe137e0000 - 0x00007ffe13b33000 	C:\WINDOWS\System32\combase.dll
0x00007ffe12260000 - 0x00007ffe1228e000 	C:\WINDOWS\SYSTEM32\Wldp.dll
0x00007ffe14010000 - 0x00007ffe140dd000 	C:\WINDOWS\System32\OLEAUT32.dll
0x00007ffe140e0000 - 0x00007ffe1418d000 	C:\WINDOWS\System32\SHCORE.dll
0x00007ffe13710000 - 0x00007ffe13765000 	C:\WINDOWS\System32\shlwapi.dll
0x00007ffe12910000 - 0x00007ffe12934000 	C:\WINDOWS\SYSTEM32\profapi.dll
0x00007ffe005f0000 - 0x00007ffe00608000 	C:\Program Files\Java\jdk-17\bin\zip.dll
0x00007ffe01db0000 - 0x00007ffe01dc9000 	C:\Program Files\Java\jdk-17\bin\net.dll
0x00007ffe0a6b0000 - 0x00007ffe0a7bd000 	C:\WINDOWS\SYSTEM32\WINHTTP.dll
0x00007ffe12040000 - 0x00007ffe120aa000 	C:\WINDOWS\system32\mswsock.dll
0x00007ffe01d90000 - 0x00007ffe01da6000 	C:\Program Files\Java\jdk-17\bin\nio.dll
0x00007ffde8f40000 - 0x00007ffde8f5a000 	C:\Program Files\JetBrains\IntelliJ IDEA Community Edition 2021.2.3\bin\breakgen64.dll
0x00007ffe005c0000 - 0x00007ffe005ca000 	C:\Program Files\Java\jdk-17\bin\management.dll
0x00007ffe00580000 - 0x00007ffe0058b000 	C:\Program Files\Java\jdk-17\bin\management_ext.dll
0x00007ffe00570000 - 0x00007ffe0057e000 	C:\Program Files\Java\jdk-17\bin\sunmscapi.dll
0x00007ffe12e30000 - 0x00007ffe12f8c000 	C:\WINDOWS\System32\CRYPT32.dll
0x00007ffe12410000 - 0x00007ffe12439000 	C:\WINDOWS\SYSTEM32\ncrypt.dll
0x00007ffe123d0000 - 0x00007ffe1240b000 	C:\WINDOWS\SYSTEM32\NTASN1.dll
0x00007ffe122a0000 - 0x00007ffe122b8000 	C:\WINDOWS\SYSTEM32\CRYPTSP.dll
0x00007ffe11980000 - 0x00007ffe119b4000 	C:\WINDOWS\system32\rsaenh.dll
0x00007ffe128d0000 - 0x00007ffe128fe000 	C:\WINDOWS\SYSTEM32\USERENV.dll
0x00007ffe121d0000 - 0x00007ffe121dc000 	C:\WINDOWS\SYSTEM32\CRYPTBASE.dll
0x00007ffe0bdc0000 - 0x00007ffe0bdd7000 	C:\WINDOWS\SYSTEM32\dhcpcsvc6.DLL
0x00007ffe0c3e0000 - 0x00007ffe0c3fd000 	C:\WINDOWS\SYSTEM32\dhcpcsvc.DLL
0x00007ffe00560000 - 0x00007ffe00567000 	C:\WINDOWS\system32\wshunix.dll

dbghelp: loaded successfully - version: 4.0.5 - missing functions: none
symbol engine: initialized successfully - sym options: 0x614 - pdb path: .;C:\Program Files\Java\jdk-17\bin;C:\WINDOWS\SYSTEM32;C:\WINDOWS\WinSxS\amd64_microsoft.windows.common-controls_6595b64144ccf1df_6.0.19041.4355_none_60b8b9eb71f62e16;C:\Program Files\Java\jdk-17\bin\server;C:\Program Files\JetBrains\IntelliJ IDEA Community Edition 2021.2.3\bin

VM Arguments:
jvm_args: -javaagent:C:\Program Files\JetBrains\IntelliJ IDEA Community Edition 2021.2.3\lib\idea_rt.jar=64412:C:\Program Files\JetBrains\IntelliJ IDEA Community Edition 2021.2.3\bin -Dfile.encoding=UTF-8 
java_command: com.cyan.csv_reader.CsvReaderApplication
java_class_path (initial): D:\Yusuf\github\csv-filter\csv-reader\target\classes;C:\Users\822068\.m2\repository\org\springframework\boot\spring-boot-starter-web\3.3.2\spring-boot-starter-web-3.3.2.jar;C:\Users\822068\.m2\repository\org\springframework\boot\spring-boot-starter\3.3.2\spring-boot-starter-3.3.2.jar;C:\Users\822068\.m2\repository\org\springframework\boot\spring-boot-starter-logging\3.3.2\spring-boot-starter-logging-3.3.2.jar;C:\Users\822068\.m2\repository\ch\qos\logback\logback-classic\1.5.6\logback-classic-1.5.6.jar;C:\Users\822068\.m2\repository\ch\qos\logback\logback-core\1.5.6\logback-core-1.5.6.jar;C:\Users\822068\.m2\repository\org\apache\logging\log4j\log4j-to-slf4j\2.23.1\log4j-to-slf4j-2.23.1.jar;C:\Users\822068\.m2\repository\org\apache\logging\log4j\log4j-api\2.23.1\log4j-api-2.23.1.jar;C:\Users\822068\.m2\repository\org\slf4j\jul-to-slf4j\2.0.13\jul-to-slf4j-2.0.13.jar;C:\Users\822068\.m2\repository\jakarta\annotation\jakarta.annotation-api\2.1.1\jakarta.annotation-api-2.1.1.jar;C:\Users\822068\.m2\repository\org\yaml\snakeyaml\2.2\snakeyaml-2.2.jar;C:\Users\822068\.m2\repository\org\springframework\boot\spring-boot-starter-json\3.3.2\spring-boot-starter-json-3.3.2.jar;C:\Users\822068\.m2\repository\com\fasterxml\jackson\core\jackson-databind\2.17.2\jackson-databind-2.17.2.jar;C:\Users\822068\.m2\repository\com\fasterxml\jackson\core\jackson-annotations\2.17.2\jackson-annotations-2.17.2.jar;C:\Users\822068\.m2\repository\com\fasterxml\jackson\core\jackson-core\2.17.2\jackson-core-2.17.2.jar;C:\Users\822068\.m2\repository\com\fasterxml\jackson\datatype\jackson-datatype-jdk8\2.17.2\jackson-datatype-jdk8-2.17.2.jar;C:\Users\822068\.m2\repository\com\fasterxml\jackson\datatype\jackson-datatype-jsr310\2.17.2\jackson-datatype-jsr310-2.17.2.jar;C:\Users\822068\.m2\repository\com\fasterxml\jackson\module\jackson-module-parameter-names\2.17.2\jackson-module-parameter-names-2.17.2.jar;C:\Users\822068\.m2\repository\org\springframework\boot\spring-boot
Launcher Type: SUN_STANDARD

[Global flags]
     intx CICompilerCount                          = 4                                         {product} {ergonomic}
     uint ConcGCThreads                            = 3                                         {product} {ergonomic}
     uint G1ConcRefinementThreads                  = 10                                        {product} {ergonomic}
   size_t G1HeapRegionSize                         = 1048576                                   {product} {ergonomic}
    uintx GCDrainStackTargetSize                   = 64                                        {product} {ergonomic}
   size_t InitialHeapSize                          = 98566144                                  {product} {ergonomic}
   size_t MarkStackSize                            = 4194304                                   {product} {ergonomic}
   size_t MaxHeapSize                              = 1574961152                                {product} {ergonomic}
   size_t MaxNewSize                               = 944766976                                 {product} {ergonomic}
   size_t MinHeapDeltaBytes                        = 1048576                                   {product} {ergonomic}
   size_t MinHeapSize                              = 8388608                                   {product} {ergonomic}
    uintx NonNMethodCodeHeapSize                   = 5839372                                {pd product} {ergonomic}
    uintx NonProfiledCodeHeapSize                  = 122909434                              {pd product} {ergonomic}
    uintx ProfiledCodeHeapSize                     = 122909434                              {pd product} {ergonomic}
    uintx ReservedCodeCacheSize                    = 251658240                              {pd product} {ergonomic}
     bool SegmentedCodeCache                       = true                                      {product} {ergonomic}
   size_t SoftMaxHeapSize                          = 1574961152                             {manageable} {ergonomic}
     bool UseCompressedClassPointers               = true                           {product lp64_product} {ergonomic}
     bool UseCompressedOops                        = true                           {product lp64_product} {ergonomic}
     bool UseG1GC                                  = true                                      {product} {ergonomic}
     bool UseLargePagesIndividualAllocation        = false                                  {pd product} {ergonomic}

Logging:
Log output configuration:
 #0: stdout all=warning uptime,level,tags
 #1: stderr all=off uptime,level,tags

Environment Variables:
JAVA_HOME=C:\Program Files\Java\jdk-17
PATH=C:\Program Files\Common Files\Oracle\Java\javapath;C:\Program Files\Java\jdk-17\bin;C:\Program Files\Java\jdk-17\bin;C:\apache-maven-3.8.6\\bin;C:\Users\822068\.jdks\corretto-11.0.23\bin;C:\Program Files\Java\jdk1.8.0_221\bin;C:\WINDOWS\system32;C:\WINDOWS;C:\WINDOWS\System32\Wbem;C:\WINDOWS\System32\WindowsPowerShell\v1.0\;C:\WINDOWS\System32\OpenSSH\;C:\Program Files\Microsoft SQL Server\Client SDK\ODBC\170\Tools\Binn\;C:\Program Files (x86)\Microsoft SQL Server\150\Tools\Binn\;C:\Program Files\Microsoft SQL Server\150\Tools\Binn\;C:\Program Files\Microsoft SQL Server\150\DTS\Binn\;C:\Program Files (x86)\Microsoft SQL Server\150\DTS\Binn\;C:\Program Files\Git\cmd;C:\Program Files\PuTTY\;C:\Program Files\Docker\Docker\resources\bin;C:\Program Files\nvm;C:\Program Files\nodejs;C:\Users\822068\AppData\Roaming\npm\node_modules\yarn\bin;C:\Users\822068\AppData\Local\Microsoft\WindowsApps;C:\Program Files\nvm;C:\Program Files\nodejs;C:\Users\822068\AppData\Local\Programs\Microsoft VS Code\bin
USERNAME=822068
OS=Windows_NT
PROCESSOR_IDENTIFIER=AMD64 Family 23 Model 104 Stepping 1, AuthenticAMD



---------------  S Y S T E M  ---------------

OS:
 Windows 10 , 64 bit Build 19041 (10.0.19041.4842)
OS uptime: 14 days 5:07 hours
Hyper-V role detected

CPU: total 12 (initial active 12) (12 cores per cpu, 2 threads per core) family 23 model 104 stepping 1 microcode 0x0, cx8, cmov, fxsr, ht, mmx, 3dnowpref, sse, sse2, sse3, ssse3, sse4a, sse4.1, sse4.2, popcnt, lzcnt, tsc, tscinvbit, avx, avx2, aes, clmul, bmi1, bmi2, adx, sha, fma, vzeroupper, clflush, clflushopt, hv

Memory: 4k page, system-wide physical 6005M (129M free)
TotalPageFile size 24437M (AvailPageFile size 37M)
current process WorkingSet (physical memory assigned to process): 94M, peak: 151M
current process commit charge ("private bytes"): 237M, peak: 334M

vm_info: Java HotSpot(TM) 64-Bit Server VM (17.0.10+11-LTS-240) for windows-amd64 JRE (17.0.10+11-LTS-240), built on Dec 19 2023 21:47:25 by "mach5one" with MS VC++ 17.1 (VS2022)

END.
